1668714377393:sign in privileged admin admin
1668714384338:describe account
1668714391121:create movie asd asd 213
1668714394297:list movies
1668714399731:delete movie asd
1668714403082:list movies
1668714407041:exit
1668771073262:sign in privileged admin maka
1668771081774:sign in privileged admin admin
1668771097158:describe account
1668771103256:sign out
1668771107035:describe account
1668771114463:sign in privileged admin admin
1668771123434:create movie film1 asd 231
1668771135939:create movie film2 ds 21
1668771144050:create movie film3 gfh 956
1668771153333:update movie film1 akcio 231
1668771163115:delete movie film3
1668771168520:list movies
1668771180044:delete movie film1
1668771183927:delete movie film2
1668771186858:list movies
1668772430289:sign in privileged
1668772436450:sign in privileged admin admin
1668772444873:create movie alma asd 321
1668772448197:list movies
1668787106538:sign in privileged admin admin
1668787112854:create movie asd asd 123
1668787115520:list movies
1668787534301:sign in privileged admin admin
1668787544545:create room asd 231 32
1668791720604:sign in privileged admin admin
1668791738646:create movie ads asd 123
1668791741310:list movies
1668791752580:create room afrika 12 32
1668791761666:create room room1 23 452
1668791767833:create room room2 32 12
1668791787434:update room afrika 231 21
1668791800738:delete room afrika
1668791807664:list rooms
1668791864714:sign in privileged admin admin
1668791885743:help
1668791902482:create room afrika 123 231
1668791910440:create room room1 23 12
1668791920253:create room rooom  342 12
1668791926789:delete room rooom
1668791939397:update room afrika 123 121
1668791951950:list rooms
1668847753503:sign in privileged admin admin
1668847756251:sign out
1668847784608:sign in privileged admin admin
1668847786981:describe
1668847790148:help
1668847795577:describe account
1668847800025:sign out
1668847867858:describe account
1668869652965:sign in privileged admin admin
1668869656818:describe account
1668869662076:create movie asd asd 12
1668869665536:list movies
1668869669931:delete movie asd
1668869672685:list movies
1668869681074:create room lafa 213 123
1668869684533:list rooms
1668869692442:delete room lafa
1668869694894:list rooms
1668869696783:exit
1668874967007:sign in privileged admin admin
1668874976193:create movie asd ds 10
1668874984629:create room afrika 12 32
1668874996732:list movies && list rooms
1668875004036:help
1668875010224:list rooms
1668875016407:list movies
1668875097290:create screening "asd" afrika "2021-03-14 16:00"
1668875143876:create screening "asd" afrika "2021-03-14 11:00"
1668875474923:stacktrace
1668875761190:sign in privileged admin admin
1668875766753:create movie asd ds 12
1668875774721:create room asd 21 32
1668875809667:create screening asd asd "2021-03-14 16:00"
1668875828716:stacktrace
1668876114097:sign in privileged admin admin
1668876128210:create screening "Spirited Away" Pedersoli "2021-03-14 16:00"
1668876150203:stacktrace
1668883988108:sign in
1668883994937:sign in privileged sad asd
1668884002886:sign in privileged admin admin
1668884007985:describe account
1668892405359:sign in privileged admin admin
1668892418947:create movie asd ds 12
1668892425120:create room asd 21 32
1668892463534:create screening asd asd "2021-03-14 16:00"
1668892569163:stacktrace
1668892682420:sign in privileged admin admin
1668892694124:create movie asd asd 21
1668892700362:create room asd 21 32
1668892735520:create screening asd asd "2021-03-14 16:00"
1668893196814:sign in privileged admin admin
1668893203716:create movie asd asd 12 32
1668893210535:create movie asd2 asd 21 23
1668893217898:create room asd 23 12
1668893252597:create screening asd asd "2021-03-14 16:00"
1668893272117:create screening asd2 asd "2021-03-14 16:05"
1668893339967:sign in admin admin
1668893346865:sign in privileged admin admin
1668893358955:create movie asd asd 25
1668893366251:create room asd 21 32
1668893374940:create movie asd2 ds 45
1668893378134:list movies
1668893420105:create screening asd asd "2021-03-14 16:00"
1668893443517:create screening asd2 asd "2021-03-14 16:10"
1668893481978:sign in privileged admin admin
1668893489985:create movie asd asd 21
1668893495580:create movie asd2 asd 13
1668893502983:create room poseidon 213 12
1668893527035:create screening asd poseidon "2021-03-14 16:00"
1668893545185:create screening asd2 poseidon "2021-03-14 16:00"
1668894598543:sign in privileged admin admin
1668894603690:create movie asd ds 21
1668894610167:create movie asd2 sda 12
1668894625512:create room poseidon 21 32
1668894655544:create screening asd poseidon "2021-03-14 16:00"
1668894671997:create screening asd2 poseidon "2021-03-14 16:00"
1668930073678:sign in privleged admin admin
1668930086731:sign in privileged admin admin
1668930102172:create movie asd1 ds 232
1668930108278:create movie asd2 ds 213
1668930114926:create room alfa 21 32
1668930133420:create screening asd1 alfa "2021-03-14 16:00"
1668930150063:create screening asd2 alfa "2021-03-14 16:05"
1668963296357:sign in privileged admin admin
1668963305508:create movie film1 ds 32
1668963313500:create movie film2 as 35
1668963356820:create room prime 21 43
1668963395518:create screening film1 prime "2021-04-13 16:00"
1668963473422:create screening film2 prime "2021-04-13 16:05"
1668964480313:sign in privileged admin admin
1668969716650:create movie AK drama 60
1668969725824:create movie Devil scifi 60
1668969734726:create room nagy 10 5
1668969759678:create screening AK nagy "2022-04-13 16:00"
1668969786487:create screening Devil nagy "2022-04-13 16:10"
1668969797354:create screening Devil nagy "2022-04-13 17:05"
1668969802705:create screening Devil nagy "2022-04-13 17:10"
1668969811581:create screening Devil nagy "2022-04-13 17:11"
1668969902088:sign in privileged admin admin
1668969914760:create movie AK drama 60
1668969923029:create movie Devil scifi 60
1668969935280:create room 10 5
1668969942866:create room nagy 10 5
1668969953545:create screening AK nagy "2022-04-13 16:00"
1668969965144:create screening Devil nagy "2022-04-13 16:10"
1668969969701:create screening Devil nagy "2022-04-13 17:5"
1668969977200:create screening Devil nagy "2022-04-13 17:05"
1668969986362:create screening Devil nagy "2022-04-13 17:15"
1668971484678:sign in admin admin
1668971490892:sign in privileged admin admin
1668971498709:create movie a dh 60
1668971504250:create room b 21 23
1668971525581:create screening a b "2021-05-14 16:00"
1668971538190:delete screening a b "2021-05-14 16:00"
1668971567428:stacktrace
1668971624513:sign in privileged admin admin
1668971633879:create movie a d 12
1668971646635:create room b 43 12
1668971654987:create screening a b "2021-05-14 16:00"
1668971668261:delete screening a b "2021-05-14 16:00"
1668971853402:sign in privileged admin admin
1668971859078:create movie a b 23
1668971865308:create room b 21 23
1668971874244:create screening a b "2021-05-14 16:00"
1668971880996:delete screening a b "2021-05-14 16:00"
1668971930159:sing in privileged admin admin
1668971940114:sign in privileged admin admin
1668971946267:create movie asd sd 20
1668971952902:create room prime 32 43
1668971958718:create screening asd prime "2021-04-16 16:00"
1668972565611:sign in privileged admin admin
1668972568028:create movie asd sd 20
1668972573895:create room prime 32 43
1668972582291:create screening asd prime "2021-04-16 16:00"
1668972617456:delete screening asd prime "2021-04-16 16:00"
1668972871379:sign in privileged admin admin
1668972880635:create movie asd sd 20
1668972886686:create room prime 32 43
1668972891628:create screening asd prime "2021-04-16 16:00"
1668972899328:delete screening asd prime "2021-04-16 16:00"
1668973723580:sing in privileged admin admin
1668973729767:sign in privileged admin admin
1668973733542:list screenings
1668973745809:create movie asd sd 20
1668973751428:create room prime 32 43
1668973759792:create screening asd prime "2021-04-16 16:00"
1668973763704:list screenings
